<?xml version="1.0" encoding="UTF-8"?>
<!-- Generated by org.testng.reporters.JUnitReportReporter -->
<testsuite hostname="LTIN654292" failures="0" tests="66" name="com.emt.runners.TestRunner" time="2.018" errors="22" timestamp="2025-08-22T13:37:56 IST" skipped="44">
  <testcase classname="com.emt.runners.TestRunner" name="runScenario" time="0.017">
    <skipped/>
  </testcase> <!-- runScenario -->
  <testcase classname="com.emt.runners.TestRunner" name="runScenario" time="0.021">
    <skipped/>
  </testcase> <!-- runScenario -->
  <testcase classname="com.emt.runners.TestRunner" name="runScenario" time="0.018">
    <skipped/>
  </testcase> <!-- runScenario -->
  <testcase classname="com.emt.runners.TestRunner" name="runScenario" time="0.023">
    <skipped/>
  </testcase> <!-- runScenario -->
  <testcase classname="com.emt.runners.TestRunner" name="runScenario" time="0.024">
    <skipped/>
  </testcase> <!-- runScenario -->
  <testcase classname="com.emt.runners.TestRunner" name="runScenario" time="0.028">
    <error message="The step &#039;the user loads test data for &quot;TC02&quot;&#039; and 6 other step(s) are undefined.
You can implement these steps using the snippet(s) below:

@Given(&quot;the user loads test data for {string}&quot;)
public void the_user_loads_test_data_for(String string) {
    // Write code here that turns the phrase above into concrete actions
    throw new io.cucumber.java.PendingException();
}
@Given(&quot;the user clicks on Airport transfer and selects Type&quot;)
public void the_user_clicks_on_airport_transfer_and_selects_type() {
    // Write code here that turns the phrase above into concrete actions
    throw new io.cucumber.java.PendingException();
}
@Given(&quot;the user enters the source city and selects SourceValue&quot;)
public void the_user_enters_the_source_city_and_selects_source_value() {
    // Write code here that turns the phrase above into concrete actions
    throw new io.cucumber.java.PendingException();
}
@Given(&quot;the user enters the destination city and selects DestinationValue&quot;)
public void the_user_enters_the_destination_city_and_selects_destination_value() {
    // Write code here that turns the phrase above into concrete actions
    throw new io.cucumber.java.PendingException();
}
@Given(&quot;the user selects the date and time&quot;)
public void the_user_selects_the_date_and_time() {
    // Write code here that turns the phrase above into concrete actions
    throw new io.cucumber.java.PendingException();
}
@When(&quot;the user clicks the Search button&quot;)
public void the_user_clicks_the_search_button() {
    // Write code here that turns the phrase above into concrete actions
    throw new io.cucumber.java.PendingException();
}
@Then(&quot;the filtered cab results should be displayed&quot;)
public void the_filtered_cab_results_should_be_displayed() {
    // Write code here that turns the phrase above into concrete actions
    throw new io.cucumber.java.PendingException();
}
" type="io.cucumber.testng.UndefinedStepException">
      <![CDATA[io.cucumber.testng.UndefinedStepException: The step 'the user loads test data for "TC02"' and 6 other step(s) are undefined.
You can implement these steps using the snippet(s) below:

@Given("the user loads test data for {string}")
public void the_user_loads_test_data_for(String string) {
    // Write code here that turns the phrase above into concrete actions
    throw new io.cucumber.java.PendingException();
}
@Given("the user clicks on Airport transfer and selects Type")
public void the_user_clicks_on_airport_transfer_and_selects_type() {
    // Write code here that turns the phrase above into concrete actions
    throw new io.cucumber.java.PendingException();
}
@Given("the user enters the source city and selects SourceValue")
public void the_user_enters_the_source_city_and_selects_source_value() {
    // Write code here that turns the phrase above into concrete actions
    throw new io.cucumber.java.PendingException();
}
@Given("the user enters the destination city and selects DestinationValue")
public void the_user_enters_the_destination_city_and_selects_destination_value() {
    // Write code here that turns the phrase above into concrete actions
    throw new io.cucumber.java.PendingException();
}
@Given("the user selects the date and time")
public void the_user_selects_the_date_and_time() {
    // Write code here that turns the phrase above into concrete actions
    throw new io.cucumber.java.PendingException();
}
@When("the user clicks the Search button")
public void the_user_clicks_the_search_button() {
    // Write code here that turns the phrase above into concrete actions
    throw new io.cucumber.java.PendingException();
}
@Then("the filtered cab results should be displayed")
public void the_filtered_cab_results_should_be_displayed() {
    // Write code here that turns the phrase above into concrete actions
    throw new io.cucumber.java.PendingException();
}

at ✽.the user loads test data for "TC02"(file:///C:/Users/2421255/OneDrive%20-%20Cognizant/Desktop/java%20core/EaseMyTrip_Hackathon/./src/test/resources/features/01_AirportCabs.feature:5)
]]>
    </error>
  </testcase> <!-- runScenario -->
  <testcase classname="com.emt.runners.TestRunner" name="runScenario" time="0.033">
    <error message="The step &#039;The user enter Delhi as full city and select New Delhi&#039; and 4 other step(s) are undefined.
You can implement these steps using the snippet(s) below:

@Given(&quot;The user enter Delhi as full city and select New Delhi&quot;)
public void the_user_enter_delhi_as_full_city_and_select_new_delhi() {
    // Write code here that turns the phrase above into concrete actions
    throw new io.cucumber.java.PendingException();
}
@When(&quot;The user click search button again&quot;)
public void the_user_click_search_button_again() {
    // Write code here that turns the phrase above into concrete actions
    throw new io.cucumber.java.PendingException();
}
@Then(&quot;The user sort results by price low to high&quot;)
public void the_user_sort_results_by_price_low_to_high() {
    // Write code here that turns the phrase above into concrete actions
    throw new io.cucumber.java.PendingException();
}
@Then(&quot;The user select Day Trips checkbox&quot;)
public void the_user_select_day_trips_checkbox() {
    // Write code here that turns the phrase above into concrete actions
    throw new io.cucumber.java.PendingException();
}
@Then(&quot;The user print the list of city names displayed&quot;)
public void the_user_print_the_list_of_city_names_displayed() {
    // Write code here that turns the phrase above into concrete actions
    throw new io.cucumber.java.PendingException();
}
" type="io.cucumber.testng.UndefinedStepException">
      <![CDATA[io.cucumber.testng.UndefinedStepException: The step 'The user enter Delhi as full city and select New Delhi' and 4 other step(s) are undefined.
You can implement these steps using the snippet(s) below:

@Given("The user enter Delhi as full city and select New Delhi")
public void the_user_enter_delhi_as_full_city_and_select_new_delhi() {
    // Write code here that turns the phrase above into concrete actions
    throw new io.cucumber.java.PendingException();
}
@When("The user click search button again")
public void the_user_click_search_button_again() {
    // Write code here that turns the phrase above into concrete actions
    throw new io.cucumber.java.PendingException();
}
@Then("The user sort results by price low to high")
public void the_user_sort_results_by_price_low_to_high() {
    // Write code here that turns the phrase above into concrete actions
    throw new io.cucumber.java.PendingException();
}
@Then("The user select Day Trips checkbox")
public void the_user_select_day_trips_checkbox() {
    // Write code here that turns the phrase above into concrete actions
    throw new io.cucumber.java.PendingException();
}
@Then("The user print the list of city names displayed")
public void the_user_print_the_list_of_city_names_displayed() {
    // Write code here that turns the phrase above into concrete actions
    throw new io.cucumber.java.PendingException();
}

at ✽.The user enter Delhi as full city and select New Delhi(file:///C:/Users/2421255/OneDrive%20-%20Cognizant/Desktop/java%20core/EaseMyTrip_Hackathon/./src/test/resources/features/04_Activities.feature:14)
]]>
    </error>
  </testcase> <!-- runScenario -->
  <testcase classname="com.emt.runners.TestRunner" name="runScenario" time="0.019">
    <error message="The step &#039;The user go to Cabs and select Outstation OneWay Trip&#039; and 5 other step(s) are undefined.
You can implement these steps using the snippet(s) below:

@Given(&quot;The user go to Cabs and select Outstation OneWay Trip&quot;)
public void the_user_go_to_cabs_and_select_outstation_one_way_trip() {
    // Write code here that turns the phrase above into concrete actions
    throw new io.cucumber.java.PendingException();
}
@When(&quot;The user select from city and to city&quot;)
public void the_user_select_from_city_and_to_city() {
    // Write code here that turns the phrase above into concrete actions
    throw new io.cucumber.java.PendingException();
}
@When(&quot;The user selects Date&quot;)
public void the_user_selects_date() {
    // Write code here that turns the phrase above into concrete actions
    throw new io.cucumber.java.PendingException();
}
@When(&quot;The user choose Time&quot;)
public void the_user_choose_time() {
    // Write code here that turns the phrase above into concrete actions
    throw new io.cucumber.java.PendingException();
}
@Then(&quot;The user click Search&quot;)
public void the_user_click_search() {
    // Write code here that turns the phrase above into concrete actions
    throw new io.cucumber.java.PendingException();
}
@Then(&quot;The user apply SUV filter and printing results based on more options&quot;)
public void the_user_apply_suv_filter_and_printing_results_based_on_more_options() {
    // Write code here that turns the phrase above into concrete actions
    throw new io.cucumber.java.PendingException();
}
" type="io.cucumber.testng.UndefinedStepException">
      <![CDATA[io.cucumber.testng.UndefinedStepException: The step 'The user go to Cabs and select Outstation OneWay Trip' and 5 other step(s) are undefined.
You can implement these steps using the snippet(s) below:

@Given("The user go to Cabs and select Outstation OneWay Trip")
public void the_user_go_to_cabs_and_select_outstation_one_way_trip() {
    // Write code here that turns the phrase above into concrete actions
    throw new io.cucumber.java.PendingException();
}
@When("The user select from city and to city")
public void the_user_select_from_city_and_to_city() {
    // Write code here that turns the phrase above into concrete actions
    throw new io.cucumber.java.PendingException();
}
@When("The user selects Date")
public void the_user_selects_date() {
    // Write code here that turns the phrase above into concrete actions
    throw new io.cucumber.java.PendingException();
}
@When("The user choose Time")
public void the_user_choose_time() {
    // Write code here that turns the phrase above into concrete actions
    throw new io.cucumber.java.PendingException();
}
@Then("The user click Search")
public void the_user_click_search() {
    // Write code here that turns the phrase above into concrete actions
    throw new io.cucumber.java.PendingException();
}
@Then("The user apply SUV filter and printing results based on more options")
public void the_user_apply_suv_filter_and_printing_results_based_on_more_options() {
    // Write code here that turns the phrase above into concrete actions
    throw new io.cucumber.java.PendingException();
}

at ✽.The user go to Cabs and select Outstation OneWay Trip(file:///C:/Users/2421255/OneDrive%20-%20Cognizant/Desktop/java%20core/EaseMyTrip_Hackathon/./src/test/resources/features/02_OutstationCabs.feature:6)
]]>
    </error>
  </testcase> <!-- runScenario -->
  <testcase classname="com.emt.runners.TestRunner" name="runScenario" time="0.014">
    <skipped/>
  </testcase> <!-- runScenario -->
  <testcase classname="com.emt.runners.TestRunner" name="runScenario" time="0.013">
    <skipped/>
  </testcase> <!-- runScenario -->
  <testcase classname="com.emt.runners.TestRunner" name="runScenario" time="0.012">
    <skipped/>
  </testcase> <!-- runScenario -->
  <testcase classname="com.emt.runners.TestRunner" name="runScenario" time="0.017">
    <skipped/>
  </testcase> <!-- runScenario -->
  <testcase classname="com.emt.runners.TestRunner" name="runScenario" time="0.020">
    <error message="The step &#039;The user enter Delhi as full city and select New Delhi&#039; and 4 other step(s) are undefined.
You can implement these steps using the snippet(s) below:

@Given(&quot;The user enter Delhi as full city and select New Delhi&quot;)
public void the_user_enter_delhi_as_full_city_and_select_new_delhi() {
    // Write code here that turns the phrase above into concrete actions
    throw new io.cucumber.java.PendingException();
}
@When(&quot;The user click search button again&quot;)
public void the_user_click_search_button_again() {
    // Write code here that turns the phrase above into concrete actions
    throw new io.cucumber.java.PendingException();
}
@Then(&quot;The user sort results by price low to high&quot;)
public void the_user_sort_results_by_price_low_to_high() {
    // Write code here that turns the phrase above into concrete actions
    throw new io.cucumber.java.PendingException();
}
@Then(&quot;The user select Day Trips checkbox&quot;)
public void the_user_select_day_trips_checkbox() {
    // Write code here that turns the phrase above into concrete actions
    throw new io.cucumber.java.PendingException();
}
@Then(&quot;The user print the list of city names displayed&quot;)
public void the_user_print_the_list_of_city_names_displayed() {
    // Write code here that turns the phrase above into concrete actions
    throw new io.cucumber.java.PendingException();
}
" type="io.cucumber.testng.UndefinedStepException">
      <![CDATA[io.cucumber.testng.UndefinedStepException: The step 'The user enter Delhi as full city and select New Delhi' and 4 other step(s) are undefined.
You can implement these steps using the snippet(s) below:

@Given("The user enter Delhi as full city and select New Delhi")
public void the_user_enter_delhi_as_full_city_and_select_new_delhi() {
    // Write code here that turns the phrase above into concrete actions
    throw new io.cucumber.java.PendingException();
}
@When("The user click search button again")
public void the_user_click_search_button_again() {
    // Write code here that turns the phrase above into concrete actions
    throw new io.cucumber.java.PendingException();
}
@Then("The user sort results by price low to high")
public void the_user_sort_results_by_price_low_to_high() {
    // Write code here that turns the phrase above into concrete actions
    throw new io.cucumber.java.PendingException();
}
@Then("The user select Day Trips checkbox")
public void the_user_select_day_trips_checkbox() {
    // Write code here that turns the phrase above into concrete actions
    throw new io.cucumber.java.PendingException();
}
@Then("The user print the list of city names displayed")
public void the_user_print_the_list_of_city_names_displayed() {
    // Write code here that turns the phrase above into concrete actions
    throw new io.cucumber.java.PendingException();
}

at ✽.The user enter Delhi as full city and select New Delhi(file:///C:/Users/2421255/OneDrive%20-%20Cognizant/Desktop/java%20core/EaseMyTrip_Hackathon/./src/test/resources/features/04_Activities.feature:14)
]]>
    </error>
  </testcase> <!-- runScenario -->
  <testcase classname="com.emt.runners.TestRunner" name="runScenario" time="0.012">
    <error message="The step &#039;the user clicks on More tab and selects GiftCard to test &quot;TC3&quot;&#039; and 4 other step(s) are undefined.
You can implement these steps using the snippet(s) below:

@Given(&quot;the user clicks on More tab and selects GiftCard to test {string}&quot;)
public void the_user_clicks_on_more_tab_and_selects_gift_card_to_test(String string) {
    // Write code here that turns the phrase above into concrete actions
    throw new io.cucumber.java.PendingException();
}
@Given(&quot;scroll to festival and clicks festival then selects Diwali GiftCard&quot;)
public void scroll_to_festival_and_clicks_festival_then_selects_diwali_gift_card() {
    // Write code here that turns the phrase above into concrete actions
    throw new io.cucumber.java.PendingException();
}
@Given(&quot;filling the necessary data in the form which is in excel file&quot;)
public void filling_the_necessary_data_in_the_form_which_is_in_excel_file() {
    // Write code here that turns the phrase above into concrete actions
    throw new io.cucumber.java.PendingException();
}
@When(&quot;the user enters Email and MobileNumber then clicks Accept check box&quot;)
public void the_user_enters_email_and_mobile_number_then_clicks_accept_check_box() {
    // Write code here that turns the phrase above into concrete actions
    throw new io.cucumber.java.PendingException();
}
@Then(&quot;it displays error message and captures screenshot&quot;)
public void it_displays_error_message_and_captures_screenshot() {
    // Write code here that turns the phrase above into concrete actions
    throw new io.cucumber.java.PendingException();
}
" type="io.cucumber.testng.UndefinedStepException">
      <![CDATA[io.cucumber.testng.UndefinedStepException: The step 'the user clicks on More tab and selects GiftCard to test "TC3"' and 4 other step(s) are undefined.
You can implement these steps using the snippet(s) below:

@Given("the user clicks on More tab and selects GiftCard to test {string}")
public void the_user_clicks_on_more_tab_and_selects_gift_card_to_test(String string) {
    // Write code here that turns the phrase above into concrete actions
    throw new io.cucumber.java.PendingException();
}
@Given("scroll to festival and clicks festival then selects Diwali GiftCard")
public void scroll_to_festival_and_clicks_festival_then_selects_diwali_gift_card() {
    // Write code here that turns the phrase above into concrete actions
    throw new io.cucumber.java.PendingException();
}
@Given("filling the necessary data in the form which is in excel file")
public void filling_the_necessary_data_in_the_form_which_is_in_excel_file() {
    // Write code here that turns the phrase above into concrete actions
    throw new io.cucumber.java.PendingException();
}
@When("the user enters Email and MobileNumber then clicks Accept check box")
public void the_user_enters_email_and_mobile_number_then_clicks_accept_check_box() {
    // Write code here that turns the phrase above into concrete actions
    throw new io.cucumber.java.PendingException();
}
@Then("it displays error message and captures screenshot")
public void it_displays_error_message_and_captures_screenshot() {
    // Write code here that turns the phrase above into concrete actions
    throw new io.cucumber.java.PendingException();
}

at ✽.the user clicks on More tab and selects GiftCard to test "TC3"(file:///C:/Users/2421255/OneDrive%20-%20Cognizant/Desktop/java%20core/EaseMyTrip_Hackathon/./src/test/resources/features/06_GiftCards.feature:6)
]]>
    </error>
  </testcase> <!-- runScenario -->
  <testcase classname="com.emt.runners.TestRunner" name="runScenario" time="0.015">
    <skipped/>
  </testcase> <!-- runScenario -->
  <testcase classname="com.emt.runners.TestRunner" name="runScenario" time="0.022">
    <error message="The step &#039;user open the browser and navigate to EaseMyTrip&#039; and 4 other step(s) are undefined.
You can implement these steps using the snippet(s) below:

@Given(&quot;user open the browser and navigate to EaseMyTrip&quot;)
public void user_open_the_browser_and_navigate_to_ease_my_trip() {
    // Write code here that turns the phrase above into concrete actions
    throw new io.cucumber.java.PendingException();
}
@When(&quot;The user go to Cabs and select hourly&quot;)
public void the_user_go_to_cabs_and_select_hourly() {
    // Write code here that turns the phrase above into concrete actions
    throw new io.cucumber.java.PendingException();
}
@When(&quot;The user search hourly cab from Visakhapatnam on {int} September {int} at {int}:{int} AM for {int} hours&quot;)
public void the_user_search_hourly_cab_from_visakhapatnam_on_september_at_am_for_hours(Integer int1, Integer int2, Integer int3, Integer int4, Integer int5) {
    // Write code here that turns the phrase above into concrete actions
    throw new io.cucumber.java.PendingException();
}
@Then(&quot;The user apply SUV filter&quot;)
public void the_user_apply_suv_filter() {
    // Write code here that turns the phrase above into concrete actions
    throw new io.cucumber.java.PendingException();
}
@Then(&quot;The user print the least fare&quot;)
public void the_user_print_the_least_fare() {
    // Write code here that turns the phrase above into concrete actions
    throw new io.cucumber.java.PendingException();
}
" type="io.cucumber.testng.UndefinedStepException">
      <![CDATA[io.cucumber.testng.UndefinedStepException: The step 'user open the browser and navigate to EaseMyTrip' and 4 other step(s) are undefined.
You can implement these steps using the snippet(s) below:

@Given("user open the browser and navigate to EaseMyTrip")
public void user_open_the_browser_and_navigate_to_ease_my_trip() {
    // Write code here that turns the phrase above into concrete actions
    throw new io.cucumber.java.PendingException();
}
@When("The user go to Cabs and select hourly")
public void the_user_go_to_cabs_and_select_hourly() {
    // Write code here that turns the phrase above into concrete actions
    throw new io.cucumber.java.PendingException();
}
@When("The user search hourly cab from Visakhapatnam on {int} September {int} at {int}:{int} AM for {int} hours")
public void the_user_search_hourly_cab_from_visakhapatnam_on_september_at_am_for_hours(Integer int1, Integer int2, Integer int3, Integer int4, Integer int5) {
    // Write code here that turns the phrase above into concrete actions
    throw new io.cucumber.java.PendingException();
}
@Then("The user apply SUV filter")
public void the_user_apply_suv_filter() {
    // Write code here that turns the phrase above into concrete actions
    throw new io.cucumber.java.PendingException();
}
@Then("The user print the least fare")
public void the_user_print_the_least_fare() {
    // Write code here that turns the phrase above into concrete actions
    throw new io.cucumber.java.PendingException();
}

at ✽.user open the browser and navigate to EaseMyTrip(file:///C:/Users/2421255/OneDrive%20-%20Cognizant/Desktop/java%20core/EaseMyTrip_Hackathon/./src/test/resources/features/03_HourlyCabs.feature:6)
]]>
    </error>
  </testcase> <!-- runScenario -->
  <testcase classname="com.emt.runners.TestRunner" name="runScenario" time="0.018">
    <skipped/>
  </testcase> <!-- runScenario -->
  <testcase classname="com.emt.runners.TestRunner" name="runScenario" time="0.013">
    <skipped/>
  </testcase> <!-- runScenario -->
  <testcase classname="com.emt.runners.TestRunner" name="runScenario" time="0.035">
    <error message="The step &#039;The user go to Cabs and select Outstation OneWay Trip&#039; and 5 other step(s) are undefined.
You can implement these steps using the snippet(s) below:

@Given(&quot;The user go to Cabs and select Outstation OneWay Trip&quot;)
public void the_user_go_to_cabs_and_select_outstation_one_way_trip() {
    // Write code here that turns the phrase above into concrete actions
    throw new io.cucumber.java.PendingException();
}
@When(&quot;The user select from city and to city&quot;)
public void the_user_select_from_city_and_to_city() {
    // Write code here that turns the phrase above into concrete actions
    throw new io.cucumber.java.PendingException();
}
@When(&quot;The user selects Date&quot;)
public void the_user_selects_date() {
    // Write code here that turns the phrase above into concrete actions
    throw new io.cucumber.java.PendingException();
}
@When(&quot;The user choose Time&quot;)
public void the_user_choose_time() {
    // Write code here that turns the phrase above into concrete actions
    throw new io.cucumber.java.PendingException();
}
@Then(&quot;The user click Search&quot;)
public void the_user_click_search() {
    // Write code here that turns the phrase above into concrete actions
    throw new io.cucumber.java.PendingException();
}
@Then(&quot;The user apply SUV filter and printing results based on more options&quot;)
public void the_user_apply_suv_filter_and_printing_results_based_on_more_options() {
    // Write code here that turns the phrase above into concrete actions
    throw new io.cucumber.java.PendingException();
}
" type="io.cucumber.testng.UndefinedStepException">
      <![CDATA[io.cucumber.testng.UndefinedStepException: The step 'The user go to Cabs and select Outstation OneWay Trip' and 5 other step(s) are undefined.
You can implement these steps using the snippet(s) below:

@Given("The user go to Cabs and select Outstation OneWay Trip")
public void the_user_go_to_cabs_and_select_outstation_one_way_trip() {
    // Write code here that turns the phrase above into concrete actions
    throw new io.cucumber.java.PendingException();
}
@When("The user select from city and to city")
public void the_user_select_from_city_and_to_city() {
    // Write code here that turns the phrase above into concrete actions
    throw new io.cucumber.java.PendingException();
}
@When("The user selects Date")
public void the_user_selects_date() {
    // Write code here that turns the phrase above into concrete actions
    throw new io.cucumber.java.PendingException();
}
@When("The user choose Time")
public void the_user_choose_time() {
    // Write code here that turns the phrase above into concrete actions
    throw new io.cucumber.java.PendingException();
}
@Then("The user click Search")
public void the_user_click_search() {
    // Write code here that turns the phrase above into concrete actions
    throw new io.cucumber.java.PendingException();
}
@Then("The user apply SUV filter and printing results based on more options")
public void the_user_apply_suv_filter_and_printing_results_based_on_more_options() {
    // Write code here that turns the phrase above into concrete actions
    throw new io.cucumber.java.PendingException();
}

at ✽.The user go to Cabs and select Outstation OneWay Trip(file:///C:/Users/2421255/OneDrive%20-%20Cognizant/Desktop/java%20core/EaseMyTrip_Hackathon/./src/test/resources/features/02_OutstationCabs.feature:6)
]]>
    </error>
  </testcase> <!-- runScenario -->
  <testcase classname="com.emt.runners.TestRunner" name="runScenario" time="0.018">
    <error message="The step &#039;The user go to Cabs and select Outstation Round Trip&#039; and 7 other step(s) are undefined.
You can implement these steps using the snippet(s) below:

@Given(&quot;The user go to Cabs and select Outstation Round Trip&quot;)
public void the_user_go_to_cabs_and_select_outstation_round_trip() {
    // Write code here that turns the phrase above into concrete actions
    throw new io.cucumber.java.PendingException();
}
@When(&quot;user select From city and to city&quot;)
public void user_select_from_city_and_to_city() {
    // Write code here that turns the phrase above into concrete actions
    throw new io.cucumber.java.PendingException();
}
@When(&quot;The user selects pickUp date&quot;)
public void the_user_selects_pick_up_date() {
    // Write code here that turns the phrase above into concrete actions
    throw new io.cucumber.java.PendingException();
}
@When(&quot;The user choose pick up time&quot;)
public void the_user_choose_pick_up_time() {
    // Write code here that turns the phrase above into concrete actions
    throw new io.cucumber.java.PendingException();
}
@When(&quot;The user selects return date&quot;)
public void the_user_selects_return_date() {
    // Write code here that turns the phrase above into concrete actions
    throw new io.cucumber.java.PendingException();
}
@When(&quot;The user choose return time&quot;)
public void the_user_choose_return_time() {
    // Write code here that turns the phrase above into concrete actions
    throw new io.cucumber.java.PendingException();
}
@Then(&quot;user click Search&quot;)
public void user_click_search() {
    // Write code here that turns the phrase above into concrete actions
    throw new io.cucumber.java.PendingException();
}
@Then(&quot;The user apply Filter to fetch data&quot;)
public void the_user_apply_filter_to_fetch_data() {
    // Write code here that turns the phrase above into concrete actions
    throw new io.cucumber.java.PendingException();
}
" type="io.cucumber.testng.UndefinedStepException">
      <![CDATA[io.cucumber.testng.UndefinedStepException: The step 'The user go to Cabs and select Outstation Round Trip' and 7 other step(s) are undefined.
You can implement these steps using the snippet(s) below:

@Given("The user go to Cabs and select Outstation Round Trip")
public void the_user_go_to_cabs_and_select_outstation_round_trip() {
    // Write code here that turns the phrase above into concrete actions
    throw new io.cucumber.java.PendingException();
}
@When("user select From city and to city")
public void user_select_from_city_and_to_city() {
    // Write code here that turns the phrase above into concrete actions
    throw new io.cucumber.java.PendingException();
}
@When("The user selects pickUp date")
public void the_user_selects_pick_up_date() {
    // Write code here that turns the phrase above into concrete actions
    throw new io.cucumber.java.PendingException();
}
@When("The user choose pick up time")
public void the_user_choose_pick_up_time() {
    // Write code here that turns the phrase above into concrete actions
    throw new io.cucumber.java.PendingException();
}
@When("The user selects return date")
public void the_user_selects_return_date() {
    // Write code here that turns the phrase above into concrete actions
    throw new io.cucumber.java.PendingException();
}
@When("The user choose return time")
public void the_user_choose_return_time() {
    // Write code here that turns the phrase above into concrete actions
    throw new io.cucumber.java.PendingException();
}
@Then("user click Search")
public void user_click_search() {
    // Write code here that turns the phrase above into concrete actions
    throw new io.cucumber.java.PendingException();
}
@Then("The user apply Filter to fetch data")
public void the_user_apply_filter_to_fetch_data() {
    // Write code here that turns the phrase above into concrete actions
    throw new io.cucumber.java.PendingException();
}

at ✽.The user go to Cabs and select Outstation Round Trip(file:///C:/Users/2421255/OneDrive%20-%20Cognizant/Desktop/java%20core/EaseMyTrip_Hackathon/./src/test/resources/features/02_OutstationCabs.feature:15)
]]>
    </error>
  </testcase> <!-- runScenario -->
  <testcase classname="com.emt.runners.TestRunner" name="runScenario" time="0.025">
    <skipped/>
  </testcase> <!-- runScenario -->
  <testcase classname="com.emt.runners.TestRunner" name="runScenario" time="0.032">
    <skipped/>
  </testcase> <!-- runScenario -->
  <testcase classname="com.emt.runners.TestRunner" name="runScenario" time="0.043">
    <skipped/>
  </testcase> <!-- runScenario -->
  <testcase classname="com.emt.runners.TestRunner" name="runScenario" time="0.015">
    <skipped/>
  </testcase> <!-- runScenario -->
  <testcase classname="com.emt.runners.TestRunner" name="runScenario" time="0.016">
    <skipped/>
  </testcase> <!-- runScenario -->
  <testcase classname="com.emt.runners.TestRunner" name="runScenario" time="0.018">
    <skipped/>
  </testcase> <!-- runScenario -->
  <testcase classname="com.emt.runners.TestRunner" name="runScenario" time="0.013">
    <error message="The step &#039;the user clicks the hotels tab&#039; and 5 other step(s) are undefined.
You can implement these steps using the snippet(s) below:

@Given(&quot;the user clicks the hotels tab&quot;)
public void the_user_clicks_the_hotels_tab() {
    // Write code here that turns the phrase above into concrete actions
    throw new io.cucumber.java.PendingException();
}
@Given(&quot;the user enters city name as Delhi and selects Dwarka with city as Delhi&quot;)
public void the_user_enters_city_name_as_delhi_and_selects_dwarka_with_city_as_delhi() {
    // Write code here that turns the phrase above into concrete actions
    throw new io.cucumber.java.PendingException();
}
@Given(&quot;the user selects the check-in date as Aug and {int}&quot;)
public void the_user_selects_the_check_in_date_as_aug_and(Integer int1) {
    // Write code here that turns the phrase above into concrete actions
    throw new io.cucumber.java.PendingException();
}
@Given(&quot;the user selects the check-out date as Aug and {int} with number of rooms&quot;)
public void the_user_selects_the_check_out_date_as_aug_and_with_number_of_rooms(Integer int1) {
    // Write code here that turns the phrase above into concrete actions
    throw new io.cucumber.java.PendingException();
}
@When(&quot;the user clicks the  Search button&quot;)
public void the_user_clicks_the_search_button() {
    // Write code here that turns the phrase above into concrete actions
    throw new io.cucumber.java.PendingException();
}
@Then(&quot;the filtered hotel names and prices should be displayed&quot;)
public void the_filtered_hotel_names_and_prices_should_be_displayed() {
    // Write code here that turns the phrase above into concrete actions
    throw new io.cucumber.java.PendingException();
}
" type="io.cucumber.testng.UndefinedStepException">
      <![CDATA[io.cucumber.testng.UndefinedStepException: The step 'the user clicks the hotels tab' and 5 other step(s) are undefined.
You can implement these steps using the snippet(s) below:

@Given("the user clicks the hotels tab")
public void the_user_clicks_the_hotels_tab() {
    // Write code here that turns the phrase above into concrete actions
    throw new io.cucumber.java.PendingException();
}
@Given("the user enters city name as Delhi and selects Dwarka with city as Delhi")
public void the_user_enters_city_name_as_delhi_and_selects_dwarka_with_city_as_delhi() {
    // Write code here that turns the phrase above into concrete actions
    throw new io.cucumber.java.PendingException();
}
@Given("the user selects the check-in date as Aug and {int}")
public void the_user_selects_the_check_in_date_as_aug_and(Integer int1) {
    // Write code here that turns the phrase above into concrete actions
    throw new io.cucumber.java.PendingException();
}
@Given("the user selects the check-out date as Aug and {int} with number of rooms")
public void the_user_selects_the_check_out_date_as_aug_and_with_number_of_rooms(Integer int1) {
    // Write code here that turns the phrase above into concrete actions
    throw new io.cucumber.java.PendingException();
}
@When("the user clicks the  Search button")
public void the_user_clicks_the_search_button() {
    // Write code here that turns the phrase above into concrete actions
    throw new io.cucumber.java.PendingException();
}
@Then("the filtered hotel names and prices should be displayed")
public void the_filtered_hotel_names_and_prices_should_be_displayed() {
    // Write code here that turns the phrase above into concrete actions
    throw new io.cucumber.java.PendingException();
}

at ✽.the user clicks the hotels tab(file:///C:/Users/2421255/OneDrive%20-%20Cognizant/Desktop/java%20core/EaseMyTrip_Hackathon/./src/test/resources/features/05_Hotels.feature:5)
]]>
    </error>
  </testcase> <!-- runScenario -->
  <testcase classname="com.emt.runners.TestRunner" name="runScenario" time="0.046">
    <error message="The step &#039;the user loads test data for &quot;TC01&quot;&#039; and 6 other step(s) are undefined.
You can implement these steps using the snippet(s) below:

@Given(&quot;the user loads test data for {string}&quot;)
public void the_user_loads_test_data_for(String string) {
    // Write code here that turns the phrase above into concrete actions
    throw new io.cucumber.java.PendingException();
}
@Given(&quot;the user clicks on Airport transfer and selects Type&quot;)
public void the_user_clicks_on_airport_transfer_and_selects_type() {
    // Write code here that turns the phrase above into concrete actions
    throw new io.cucumber.java.PendingException();
}
@Given(&quot;the user enters the source city and selects SourceValue&quot;)
public void the_user_enters_the_source_city_and_selects_source_value() {
    // Write code here that turns the phrase above into concrete actions
    throw new io.cucumber.java.PendingException();
}
@Given(&quot;the user enters the destination city and selects DestinationValue&quot;)
public void the_user_enters_the_destination_city_and_selects_destination_value() {
    // Write code here that turns the phrase above into concrete actions
    throw new io.cucumber.java.PendingException();
}
@Given(&quot;the user selects the date and time&quot;)
public void the_user_selects_the_date_and_time() {
    // Write code here that turns the phrase above into concrete actions
    throw new io.cucumber.java.PendingException();
}
@When(&quot;the user clicks the Search button&quot;)
public void the_user_clicks_the_search_button() {
    // Write code here that turns the phrase above into concrete actions
    throw new io.cucumber.java.PendingException();
}
@Then(&quot;the filtered cab results should be displayed&quot;)
public void the_filtered_cab_results_should_be_displayed() {
    // Write code here that turns the phrase above into concrete actions
    throw new io.cucumber.java.PendingException();
}
" type="io.cucumber.testng.UndefinedStepException">
      <![CDATA[io.cucumber.testng.UndefinedStepException: The step 'the user loads test data for "TC01"' and 6 other step(s) are undefined.
You can implement these steps using the snippet(s) below:

@Given("the user loads test data for {string}")
public void the_user_loads_test_data_for(String string) {
    // Write code here that turns the phrase above into concrete actions
    throw new io.cucumber.java.PendingException();
}
@Given("the user clicks on Airport transfer and selects Type")
public void the_user_clicks_on_airport_transfer_and_selects_type() {
    // Write code here that turns the phrase above into concrete actions
    throw new io.cucumber.java.PendingException();
}
@Given("the user enters the source city and selects SourceValue")
public void the_user_enters_the_source_city_and_selects_source_value() {
    // Write code here that turns the phrase above into concrete actions
    throw new io.cucumber.java.PendingException();
}
@Given("the user enters the destination city and selects DestinationValue")
public void the_user_enters_the_destination_city_and_selects_destination_value() {
    // Write code here that turns the phrase above into concrete actions
    throw new io.cucumber.java.PendingException();
}
@Given("the user selects the date and time")
public void the_user_selects_the_date_and_time() {
    // Write code here that turns the phrase above into concrete actions
    throw new io.cucumber.java.PendingException();
}
@When("the user clicks the Search button")
public void the_user_clicks_the_search_button() {
    // Write code here that turns the phrase above into concrete actions
    throw new io.cucumber.java.PendingException();
}
@Then("the filtered cab results should be displayed")
public void the_filtered_cab_results_should_be_displayed() {
    // Write code here that turns the phrase above into concrete actions
    throw new io.cucumber.java.PendingException();
}

at ✽.the user loads test data for "TC01"(file:///C:/Users/2421255/OneDrive%20-%20Cognizant/Desktop/java%20core/EaseMyTrip_Hackathon/./src/test/resources/features/01_AirportCabs.feature:5)
]]>
    </error>
  </testcase> <!-- runScenario -->
  <testcase classname="com.emt.runners.TestRunner" name="runScenario" time="0.024">
    <skipped/>
  </testcase> <!-- runScenario -->
  <testcase classname="com.emt.runners.TestRunner" name="runScenario" time="0.021">
    <skipped/>
  </testcase> <!-- runScenario -->
  <testcase classname="com.emt.runners.TestRunner" name="runScenario" time="0.016">
    <error message="The step &#039;the user clicks on More tab and selects GiftCard to test &quot;TC1&quot;&#039; and 4 other step(s) are undefined.
You can implement these steps using the snippet(s) below:

@Given(&quot;the user clicks on More tab and selects GiftCard to test {string}&quot;)
public void the_user_clicks_on_more_tab_and_selects_gift_card_to_test(String string) {
    // Write code here that turns the phrase above into concrete actions
    throw new io.cucumber.java.PendingException();
}
@Given(&quot;scroll to festival and clicks festival then selects Diwali GiftCard&quot;)
public void scroll_to_festival_and_clicks_festival_then_selects_diwali_gift_card() {
    // Write code here that turns the phrase above into concrete actions
    throw new io.cucumber.java.PendingException();
}
@Given(&quot;filling the necessary data in the form which is in excel file&quot;)
public void filling_the_necessary_data_in_the_form_which_is_in_excel_file() {
    // Write code here that turns the phrase above into concrete actions
    throw new io.cucumber.java.PendingException();
}
@When(&quot;the user enters Email and MobileNumber then clicks Accept check box&quot;)
public void the_user_enters_email_and_mobile_number_then_clicks_accept_check_box() {
    // Write code here that turns the phrase above into concrete actions
    throw new io.cucumber.java.PendingException();
}
@Then(&quot;it displays error message and captures screenshot&quot;)
public void it_displays_error_message_and_captures_screenshot() {
    // Write code here that turns the phrase above into concrete actions
    throw new io.cucumber.java.PendingException();
}
" type="io.cucumber.testng.UndefinedStepException">
      <![CDATA[io.cucumber.testng.UndefinedStepException: The step 'the user clicks on More tab and selects GiftCard to test "TC1"' and 4 other step(s) are undefined.
You can implement these steps using the snippet(s) below:

@Given("the user clicks on More tab and selects GiftCard to test {string}")
public void the_user_clicks_on_more_tab_and_selects_gift_card_to_test(String string) {
    // Write code here that turns the phrase above into concrete actions
    throw new io.cucumber.java.PendingException();
}
@Given("scroll to festival and clicks festival then selects Diwali GiftCard")
public void scroll_to_festival_and_clicks_festival_then_selects_diwali_gift_card() {
    // Write code here that turns the phrase above into concrete actions
    throw new io.cucumber.java.PendingException();
}
@Given("filling the necessary data in the form which is in excel file")
public void filling_the_necessary_data_in_the_form_which_is_in_excel_file() {
    // Write code here that turns the phrase above into concrete actions
    throw new io.cucumber.java.PendingException();
}
@When("the user enters Email and MobileNumber then clicks Accept check box")
public void the_user_enters_email_and_mobile_number_then_clicks_accept_check_box() {
    // Write code here that turns the phrase above into concrete actions
    throw new io.cucumber.java.PendingException();
}
@Then("it displays error message and captures screenshot")
public void it_displays_error_message_and_captures_screenshot() {
    // Write code here that turns the phrase above into concrete actions
    throw new io.cucumber.java.PendingException();
}

at ✽.the user clicks on More tab and selects GiftCard to test "TC1"(file:///C:/Users/2421255/OneDrive%20-%20Cognizant/Desktop/java%20core/EaseMyTrip_Hackathon/./src/test/resources/features/06_GiftCards.feature:6)
]]>
    </error>
  </testcase> <!-- runScenario -->
  <testcase classname="com.emt.runners.TestRunner" name="runScenario" time="0.018">
    <error message="The step &#039;user open the browser and navigate to EaseMyTrip&#039; and 4 other step(s) are undefined.
You can implement these steps using the snippet(s) below:

@Given(&quot;user open the browser and navigate to EaseMyTrip&quot;)
public void user_open_the_browser_and_navigate_to_ease_my_trip() {
    // Write code here that turns the phrase above into concrete actions
    throw new io.cucumber.java.PendingException();
}
@When(&quot;The user go to Cabs and select hourly&quot;)
public void the_user_go_to_cabs_and_select_hourly() {
    // Write code here that turns the phrase above into concrete actions
    throw new io.cucumber.java.PendingException();
}
@When(&quot;The user search hourly cab from Visakhapatnam on {int} September {int} at {int}:{int} AM for {int} hours&quot;)
public void the_user_search_hourly_cab_from_visakhapatnam_on_september_at_am_for_hours(Integer int1, Integer int2, Integer int3, Integer int4, Integer int5) {
    // Write code here that turns the phrase above into concrete actions
    throw new io.cucumber.java.PendingException();
}
@Then(&quot;The user apply SUV filter&quot;)
public void the_user_apply_suv_filter() {
    // Write code here that turns the phrase above into concrete actions
    throw new io.cucumber.java.PendingException();
}
@Then(&quot;The user print the least fare&quot;)
public void the_user_print_the_least_fare() {
    // Write code here that turns the phrase above into concrete actions
    throw new io.cucumber.java.PendingException();
}
" type="io.cucumber.testng.UndefinedStepException">
      <![CDATA[io.cucumber.testng.UndefinedStepException: The step 'user open the browser and navigate to EaseMyTrip' and 4 other step(s) are undefined.
You can implement these steps using the snippet(s) below:

@Given("user open the browser and navigate to EaseMyTrip")
public void user_open_the_browser_and_navigate_to_ease_my_trip() {
    // Write code here that turns the phrase above into concrete actions
    throw new io.cucumber.java.PendingException();
}
@When("The user go to Cabs and select hourly")
public void the_user_go_to_cabs_and_select_hourly() {
    // Write code here that turns the phrase above into concrete actions
    throw new io.cucumber.java.PendingException();
}
@When("The user search hourly cab from Visakhapatnam on {int} September {int} at {int}:{int} AM for {int} hours")
public void the_user_search_hourly_cab_from_visakhapatnam_on_september_at_am_for_hours(Integer int1, Integer int2, Integer int3, Integer int4, Integer int5) {
    // Write code here that turns the phrase above into concrete actions
    throw new io.cucumber.java.PendingException();
}
@Then("The user apply SUV filter")
public void the_user_apply_suv_filter() {
    // Write code here that turns the phrase above into concrete actions
    throw new io.cucumber.java.PendingException();
}
@Then("The user print the least fare")
public void the_user_print_the_least_fare() {
    // Write code here that turns the phrase above into concrete actions
    throw new io.cucumber.java.PendingException();
}

at ✽.user open the browser and navigate to EaseMyTrip(file:///C:/Users/2421255/OneDrive%20-%20Cognizant/Desktop/java%20core/EaseMyTrip_Hackathon/./src/test/resources/features/03_HourlyCabs.feature:6)
]]>
    </error>
  </testcase> <!-- runScenario -->
  <testcase classname="com.emt.runners.TestRunner" name="runScenario" time="0.070">
    <error message="The step &#039;The user open the browser and navigate to EaseMyTrip&#039; and 4 other step(s) are undefined.
You can implement these steps using the snippet(s) below:

@Given(&quot;The user open the browser and navigate to EaseMyTrip&quot;)
public void the_user_open_the_browser_and_navigate_to_ease_my_trip() {
    // Write code here that turns the phrase above into concrete actions
    throw new io.cucumber.java.PendingException();
}
@When(&quot;The user click activity&quot;)
public void the_user_click_activity() {
    // Write code here that turns the phrase above into concrete actions
    throw new io.cucumber.java.PendingException();
}
@When(&quot;The user enters Ba as the partial city&quot;)
public void the_user_enters_ba_as_the_partial_city() {
    // Write code here that turns the phrase above into concrete actions
    throw new io.cucumber.java.PendingException();
}
@When(&quot;The user choose September {int} and {int} as the date&quot;)
public void the_user_choose_september_and_as_the_date(Integer int1, Integer int2) {
    // Write code here that turns the phrase above into concrete actions
    throw new io.cucumber.java.PendingException();
}
@When(&quot;The user click the search button&quot;)
public void the_user_click_the_search_button() {
    // Write code here that turns the phrase above into concrete actions
    throw new io.cucumber.java.PendingException();
}
" type="io.cucumber.testng.UndefinedStepException">
      <![CDATA[io.cucumber.testng.UndefinedStepException: The step 'The user open the browser and navigate to EaseMyTrip' and 4 other step(s) are undefined.
You can implement these steps using the snippet(s) below:

@Given("The user open the browser and navigate to EaseMyTrip")
public void the_user_open_the_browser_and_navigate_to_ease_my_trip() {
    // Write code here that turns the phrase above into concrete actions
    throw new io.cucumber.java.PendingException();
}
@When("The user click activity")
public void the_user_click_activity() {
    // Write code here that turns the phrase above into concrete actions
    throw new io.cucumber.java.PendingException();
}
@When("The user enters Ba as the partial city")
public void the_user_enters_ba_as_the_partial_city() {
    // Write code here that turns the phrase above into concrete actions
    throw new io.cucumber.java.PendingException();
}
@When("The user choose September {int} and {int} as the date")
public void the_user_choose_september_and_as_the_date(Integer int1, Integer int2) {
    // Write code here that turns the phrase above into concrete actions
    throw new io.cucumber.java.PendingException();
}
@When("The user click the search button")
public void the_user_click_the_search_button() {
    // Write code here that turns the phrase above into concrete actions
    throw new io.cucumber.java.PendingException();
}

at ✽.The user open the browser and navigate to EaseMyTrip(file:///C:/Users/2421255/OneDrive%20-%20Cognizant/Desktop/java%20core/EaseMyTrip_Hackathon/./src/test/resources/features/04_Activities.feature:6)
]]>
    </error>
  </testcase> <!-- runScenario -->
  <testcase classname="com.emt.runners.TestRunner" name="runScenario" time="0.015">
    <error message="The step &#039;the user clicks the hotels tab&#039; and 5 other step(s) are undefined.
You can implement these steps using the snippet(s) below:

@Given(&quot;the user clicks the hotels tab&quot;)
public void the_user_clicks_the_hotels_tab() {
    // Write code here that turns the phrase above into concrete actions
    throw new io.cucumber.java.PendingException();
}
@Given(&quot;the user enters city name as Delhi and selects Dwarka with city as Delhi&quot;)
public void the_user_enters_city_name_as_delhi_and_selects_dwarka_with_city_as_delhi() {
    // Write code here that turns the phrase above into concrete actions
    throw new io.cucumber.java.PendingException();
}
@Given(&quot;the user selects the check-in date as Aug and {int}&quot;)
public void the_user_selects_the_check_in_date_as_aug_and(Integer int1) {
    // Write code here that turns the phrase above into concrete actions
    throw new io.cucumber.java.PendingException();
}
@Given(&quot;the user selects the check-out date as Aug and {int} with number of rooms&quot;)
public void the_user_selects_the_check_out_date_as_aug_and_with_number_of_rooms(Integer int1) {
    // Write code here that turns the phrase above into concrete actions
    throw new io.cucumber.java.PendingException();
}
@When(&quot;the user clicks the  Search button&quot;)
public void the_user_clicks_the_search_button() {
    // Write code here that turns the phrase above into concrete actions
    throw new io.cucumber.java.PendingException();
}
@Then(&quot;the filtered hotel names and prices should be displayed&quot;)
public void the_filtered_hotel_names_and_prices_should_be_displayed() {
    // Write code here that turns the phrase above into concrete actions
    throw new io.cucumber.java.PendingException();
}
" type="io.cucumber.testng.UndefinedStepException">
      <![CDATA[io.cucumber.testng.UndefinedStepException: The step 'the user clicks the hotels tab' and 5 other step(s) are undefined.
You can implement these steps using the snippet(s) below:

@Given("the user clicks the hotels tab")
public void the_user_clicks_the_hotels_tab() {
    // Write code here that turns the phrase above into concrete actions
    throw new io.cucumber.java.PendingException();
}
@Given("the user enters city name as Delhi and selects Dwarka with city as Delhi")
public void the_user_enters_city_name_as_delhi_and_selects_dwarka_with_city_as_delhi() {
    // Write code here that turns the phrase above into concrete actions
    throw new io.cucumber.java.PendingException();
}
@Given("the user selects the check-in date as Aug and {int}")
public void the_user_selects_the_check_in_date_as_aug_and(Integer int1) {
    // Write code here that turns the phrase above into concrete actions
    throw new io.cucumber.java.PendingException();
}
@Given("the user selects the check-out date as Aug and {int} with number of rooms")
public void the_user_selects_the_check_out_date_as_aug_and_with_number_of_rooms(Integer int1) {
    // Write code here that turns the phrase above into concrete actions
    throw new io.cucumber.java.PendingException();
}
@When("the user clicks the  Search button")
public void the_user_clicks_the_search_button() {
    // Write code here that turns the phrase above into concrete actions
    throw new io.cucumber.java.PendingException();
}
@Then("the filtered hotel names and prices should be displayed")
public void the_filtered_hotel_names_and_prices_should_be_displayed() {
    // Write code here that turns the phrase above into concrete actions
    throw new io.cucumber.java.PendingException();
}

at ✽.the user clicks the hotels tab(file:///C:/Users/2421255/OneDrive%20-%20Cognizant/Desktop/java%20core/EaseMyTrip_Hackathon/./src/test/resources/features/05_Hotels.feature:5)
]]>
    </error>
  </testcase> <!-- runScenario -->
  <testcase classname="com.emt.runners.TestRunner" name="runScenario" time="0.020">
    <error message="The step &#039;the user clicks on More tab and selects GiftCard to test &quot;TC3&quot;&#039; and 4 other step(s) are undefined.
You can implement these steps using the snippet(s) below:

@Given(&quot;the user clicks on More tab and selects GiftCard to test {string}&quot;)
public void the_user_clicks_on_more_tab_and_selects_gift_card_to_test(String string) {
    // Write code here that turns the phrase above into concrete actions
    throw new io.cucumber.java.PendingException();
}
@Given(&quot;scroll to festival and clicks festival then selects Diwali GiftCard&quot;)
public void scroll_to_festival_and_clicks_festival_then_selects_diwali_gift_card() {
    // Write code here that turns the phrase above into concrete actions
    throw new io.cucumber.java.PendingException();
}
@Given(&quot;filling the necessary data in the form which is in excel file&quot;)
public void filling_the_necessary_data_in_the_form_which_is_in_excel_file() {
    // Write code here that turns the phrase above into concrete actions
    throw new io.cucumber.java.PendingException();
}
@When(&quot;the user enters Email and MobileNumber then clicks Accept check box&quot;)
public void the_user_enters_email_and_mobile_number_then_clicks_accept_check_box() {
    // Write code here that turns the phrase above into concrete actions
    throw new io.cucumber.java.PendingException();
}
@Then(&quot;it displays error message and captures screenshot&quot;)
public void it_displays_error_message_and_captures_screenshot() {
    // Write code here that turns the phrase above into concrete actions
    throw new io.cucumber.java.PendingException();
}
" type="io.cucumber.testng.UndefinedStepException">
      <![CDATA[io.cucumber.testng.UndefinedStepException: The step 'the user clicks on More tab and selects GiftCard to test "TC3"' and 4 other step(s) are undefined.
You can implement these steps using the snippet(s) below:

@Given("the user clicks on More tab and selects GiftCard to test {string}")
public void the_user_clicks_on_more_tab_and_selects_gift_card_to_test(String string) {
    // Write code here that turns the phrase above into concrete actions
    throw new io.cucumber.java.PendingException();
}
@Given("scroll to festival and clicks festival then selects Diwali GiftCard")
public void scroll_to_festival_and_clicks_festival_then_selects_diwali_gift_card() {
    // Write code here that turns the phrase above into concrete actions
    throw new io.cucumber.java.PendingException();
}
@Given("filling the necessary data in the form which is in excel file")
public void filling_the_necessary_data_in_the_form_which_is_in_excel_file() {
    // Write code here that turns the phrase above into concrete actions
    throw new io.cucumber.java.PendingException();
}
@When("the user enters Email and MobileNumber then clicks Accept check box")
public void the_user_enters_email_and_mobile_number_then_clicks_accept_check_box() {
    // Write code here that turns the phrase above into concrete actions
    throw new io.cucumber.java.PendingException();
}
@Then("it displays error message and captures screenshot")
public void it_displays_error_message_and_captures_screenshot() {
    // Write code here that turns the phrase above into concrete actions
    throw new io.cucumber.java.PendingException();
}

at ✽.the user clicks on More tab and selects GiftCard to test "TC3"(file:///C:/Users/2421255/OneDrive%20-%20Cognizant/Desktop/java%20core/EaseMyTrip_Hackathon/./src/test/resources/features/06_GiftCards.feature:6)
]]>
    </error>
  </testcase> <!-- runScenario -->
  <testcase classname="com.emt.runners.TestRunner" name="runScenario" time="0.073">
    <error message="The step &#039;The user go to Cabs and select Outstation Round Trip&#039; and 7 other step(s) are undefined.
You can implement these steps using the snippet(s) below:

@Given(&quot;The user go to Cabs and select Outstation Round Trip&quot;)
public void the_user_go_to_cabs_and_select_outstation_round_trip() {
    // Write code here that turns the phrase above into concrete actions
    throw new io.cucumber.java.PendingException();
}
@When(&quot;user select From city and to city&quot;)
public void user_select_from_city_and_to_city() {
    // Write code here that turns the phrase above into concrete actions
    throw new io.cucumber.java.PendingException();
}
@When(&quot;The user selects pickUp date&quot;)
public void the_user_selects_pick_up_date() {
    // Write code here that turns the phrase above into concrete actions
    throw new io.cucumber.java.PendingException();
}
@When(&quot;The user choose pick up time&quot;)
public void the_user_choose_pick_up_time() {
    // Write code here that turns the phrase above into concrete actions
    throw new io.cucumber.java.PendingException();
}
@When(&quot;The user selects return date&quot;)
public void the_user_selects_return_date() {
    // Write code here that turns the phrase above into concrete actions
    throw new io.cucumber.java.PendingException();
}
@When(&quot;The user choose return time&quot;)
public void the_user_choose_return_time() {
    // Write code here that turns the phrase above into concrete actions
    throw new io.cucumber.java.PendingException();
}
@Then(&quot;user click Search&quot;)
public void user_click_search() {
    // Write code here that turns the phrase above into concrete actions
    throw new io.cucumber.java.PendingException();
}
@Then(&quot;The user apply Filter to fetch data&quot;)
public void the_user_apply_filter_to_fetch_data() {
    // Write code here that turns the phrase above into concrete actions
    throw new io.cucumber.java.PendingException();
}
" type="io.cucumber.testng.UndefinedStepException">
      <![CDATA[io.cucumber.testng.UndefinedStepException: The step 'The user go to Cabs and select Outstation Round Trip' and 7 other step(s) are undefined.
You can implement these steps using the snippet(s) below:

@Given("The user go to Cabs and select Outstation Round Trip")
public void the_user_go_to_cabs_and_select_outstation_round_trip() {
    // Write code here that turns the phrase above into concrete actions
    throw new io.cucumber.java.PendingException();
}
@When("user select From city and to city")
public void user_select_from_city_and_to_city() {
    // Write code here that turns the phrase above into concrete actions
    throw new io.cucumber.java.PendingException();
}
@When("The user selects pickUp date")
public void the_user_selects_pick_up_date() {
    // Write code here that turns the phrase above into concrete actions
    throw new io.cucumber.java.PendingException();
}
@When("The user choose pick up time")
public void the_user_choose_pick_up_time() {
    // Write code here that turns the phrase above into concrete actions
    throw new io.cucumber.java.PendingException();
}
@When("The user selects return date")
public void the_user_selects_return_date() {
    // Write code here that turns the phrase above into concrete actions
    throw new io.cucumber.java.PendingException();
}
@When("The user choose return time")
public void the_user_choose_return_time() {
    // Write code here that turns the phrase above into concrete actions
    throw new io.cucumber.java.PendingException();
}
@Then("user click Search")
public void user_click_search() {
    // Write code here that turns the phrase above into concrete actions
    throw new io.cucumber.java.PendingException();
}
@Then("The user apply Filter to fetch data")
public void the_user_apply_filter_to_fetch_data() {
    // Write code here that turns the phrase above into concrete actions
    throw new io.cucumber.java.PendingException();
}

at ✽.The user go to Cabs and select Outstation Round Trip(file:///C:/Users/2421255/OneDrive%20-%20Cognizant/Desktop/java%20core/EaseMyTrip_Hackathon/./src/test/resources/features/02_OutstationCabs.feature:15)
]]>
    </error>
  </testcase> <!-- runScenario -->
  <testcase classname="com.emt.runners.TestRunner" name="runScenario" time="0.039">
    <skipped/>
  </testcase> <!-- runScenario -->
  <testcase classname="com.emt.runners.TestRunner" name="runScenario" time="0.022">
    <skipped/>
  </testcase> <!-- runScenario -->
  <testcase classname="com.emt.runners.TestRunner" name="runScenario" time="0.024">
    <skipped/>
  </testcase> <!-- runScenario -->
  <testcase classname="com.emt.runners.TestRunner" name="runScenario" time="0.016">
    <skipped/>
  </testcase> <!-- runScenario -->
  <testcase classname="com.emt.runners.TestRunner" name="runScenario" time="0.033">
    <skipped/>
  </testcase> <!-- runScenario -->
  <testcase classname="com.emt.runners.TestRunner" name="runScenario" time="0.022">
    <skipped/>
  </testcase> <!-- runScenario -->
  <testcase classname="com.emt.runners.TestRunner" name="runScenario" time="0.029">
    <skipped/>
  </testcase> <!-- runScenario -->
  <testcase classname="com.emt.runners.TestRunner" name="runScenario" time="0.026">
    <skipped/>
  </testcase> <!-- runScenario -->
  <testcase classname="com.emt.runners.TestRunner" name="runScenario" time="0.009">
    <error message="The step &#039;the user clicks on More tab and selects GiftCard to test &quot;TC2&quot;&#039; and 4 other step(s) are undefined.
You can implement these steps using the snippet(s) below:

@Given(&quot;the user clicks on More tab and selects GiftCard to test {string}&quot;)
public void the_user_clicks_on_more_tab_and_selects_gift_card_to_test(String string) {
    // Write code here that turns the phrase above into concrete actions
    throw new io.cucumber.java.PendingException();
}
@Given(&quot;scroll to festival and clicks festival then selects Diwali GiftCard&quot;)
public void scroll_to_festival_and_clicks_festival_then_selects_diwali_gift_card() {
    // Write code here that turns the phrase above into concrete actions
    throw new io.cucumber.java.PendingException();
}
@Given(&quot;filling the necessary data in the form which is in excel file&quot;)
public void filling_the_necessary_data_in_the_form_which_is_in_excel_file() {
    // Write code here that turns the phrase above into concrete actions
    throw new io.cucumber.java.PendingException();
}
@When(&quot;the user enters Email and MobileNumber then clicks Accept check box&quot;)
public void the_user_enters_email_and_mobile_number_then_clicks_accept_check_box() {
    // Write code here that turns the phrase above into concrete actions
    throw new io.cucumber.java.PendingException();
}
@Then(&quot;it displays error message and captures screenshot&quot;)
public void it_displays_error_message_and_captures_screenshot() {
    // Write code here that turns the phrase above into concrete actions
    throw new io.cucumber.java.PendingException();
}
" type="io.cucumber.testng.UndefinedStepException">
      <![CDATA[io.cucumber.testng.UndefinedStepException: The step 'the user clicks on More tab and selects GiftCard to test "TC2"' and 4 other step(s) are undefined.
You can implement these steps using the snippet(s) below:

@Given("the user clicks on More tab and selects GiftCard to test {string}")
public void the_user_clicks_on_more_tab_and_selects_gift_card_to_test(String string) {
    // Write code here that turns the phrase above into concrete actions
    throw new io.cucumber.java.PendingException();
}
@Given("scroll to festival and clicks festival then selects Diwali GiftCard")
public void scroll_to_festival_and_clicks_festival_then_selects_diwali_gift_card() {
    // Write code here that turns the phrase above into concrete actions
    throw new io.cucumber.java.PendingException();
}
@Given("filling the necessary data in the form which is in excel file")
public void filling_the_necessary_data_in_the_form_which_is_in_excel_file() {
    // Write code here that turns the phrase above into concrete actions
    throw new io.cucumber.java.PendingException();
}
@When("the user enters Email and MobileNumber then clicks Accept check box")
public void the_user_enters_email_and_mobile_number_then_clicks_accept_check_box() {
    // Write code here that turns the phrase above into concrete actions
    throw new io.cucumber.java.PendingException();
}
@Then("it displays error message and captures screenshot")
public void it_displays_error_message_and_captures_screenshot() {
    // Write code here that turns the phrase above into concrete actions
    throw new io.cucumber.java.PendingException();
}

at ✽.the user clicks on More tab and selects GiftCard to test "TC2"(file:///C:/Users/2421255/OneDrive%20-%20Cognizant/Desktop/java%20core/EaseMyTrip_Hackathon/./src/test/resources/features/06_GiftCards.feature:6)
]]>
    </error>
  </testcase> <!-- runScenario -->
  <testcase classname="com.emt.runners.TestRunner" name="runScenario" time="0.019">
    <skipped/>
  </testcase> <!-- runScenario -->
  <testcase classname="com.emt.runners.TestRunner" name="runScenario" time="0.055">
    <skipped/>
  </testcase> <!-- runScenario -->
  <testcase classname="com.emt.runners.TestRunner" name="runScenario" time="0.016">
    <skipped/>
  </testcase> <!-- runScenario -->
  <testcase classname="com.emt.runners.TestRunner" name="runScenario" time="0.017">
    <skipped/>
  </testcase> <!-- runScenario -->
  <testcase classname="com.emt.runners.TestRunner" name="runScenario" time="0.013">
    <error message="The step &#039;The user open the browser and navigate to EaseMyTrip&#039; and 4 other step(s) are undefined.
You can implement these steps using the snippet(s) below:

@Given(&quot;The user open the browser and navigate to EaseMyTrip&quot;)
public void the_user_open_the_browser_and_navigate_to_ease_my_trip() {
    // Write code here that turns the phrase above into concrete actions
    throw new io.cucumber.java.PendingException();
}
@When(&quot;The user click activity&quot;)
public void the_user_click_activity() {
    // Write code here that turns the phrase above into concrete actions
    throw new io.cucumber.java.PendingException();
}
@When(&quot;The user enters Ba as the partial city&quot;)
public void the_user_enters_ba_as_the_partial_city() {
    // Write code here that turns the phrase above into concrete actions
    throw new io.cucumber.java.PendingException();
}
@When(&quot;The user choose September {int} and {int} as the date&quot;)
public void the_user_choose_september_and_as_the_date(Integer int1, Integer int2) {
    // Write code here that turns the phrase above into concrete actions
    throw new io.cucumber.java.PendingException();
}
@When(&quot;The user click the search button&quot;)
public void the_user_click_the_search_button() {
    // Write code here that turns the phrase above into concrete actions
    throw new io.cucumber.java.PendingException();
}
" type="io.cucumber.testng.UndefinedStepException">
      <![CDATA[io.cucumber.testng.UndefinedStepException: The step 'The user open the browser and navigate to EaseMyTrip' and 4 other step(s) are undefined.
You can implement these steps using the snippet(s) below:

@Given("The user open the browser and navigate to EaseMyTrip")
public void the_user_open_the_browser_and_navigate_to_ease_my_trip() {
    // Write code here that turns the phrase above into concrete actions
    throw new io.cucumber.java.PendingException();
}
@When("The user click activity")
public void the_user_click_activity() {
    // Write code here that turns the phrase above into concrete actions
    throw new io.cucumber.java.PendingException();
}
@When("The user enters Ba as the partial city")
public void the_user_enters_ba_as_the_partial_city() {
    // Write code here that turns the phrase above into concrete actions
    throw new io.cucumber.java.PendingException();
}
@When("The user choose September {int} and {int} as the date")
public void the_user_choose_september_and_as_the_date(Integer int1, Integer int2) {
    // Write code here that turns the phrase above into concrete actions
    throw new io.cucumber.java.PendingException();
}
@When("The user click the search button")
public void the_user_click_the_search_button() {
    // Write code here that turns the phrase above into concrete actions
    throw new io.cucumber.java.PendingException();
}

at ✽.The user open the browser and navigate to EaseMyTrip(file:///C:/Users/2421255/OneDrive%20-%20Cognizant/Desktop/java%20core/EaseMyTrip_Hackathon/./src/test/resources/features/04_Activities.feature:6)
]]>
    </error>
  </testcase> <!-- runScenario -->
  <testcase classname="com.emt.runners.TestRunner" name="runScenario" time="0.021">
    <skipped/>
  </testcase> <!-- runScenario -->
  <testcase classname="com.emt.runners.TestRunner" name="runScenario" time="0.020">
    <skipped/>
  </testcase> <!-- runScenario -->
  <testcase classname="com.emt.runners.TestRunner" name="runScenario" time="0.020">
    <skipped/>
  </testcase> <!-- runScenario -->
  <testcase classname="com.emt.runners.TestRunner" name="runScenario" time="0.035">
    <skipped/>
  </testcase> <!-- runScenario -->
  <testcase classname="com.emt.runners.TestRunner" name="runScenario" time="0.059">
    <skipped/>
  </testcase> <!-- runScenario -->
  <testcase classname="com.emt.runners.TestRunner" name="runScenario" time="0.015">
    <skipped/>
  </testcase> <!-- runScenario -->
  <testcase classname="com.emt.runners.TestRunner" name="runScenario" time="0.486">
    <skipped/>
  </testcase> <!-- runScenario -->
  <testcase classname="com.emt.runners.TestRunner" name="runScenario" time="0.043">
    <skipped/>
  </testcase> <!-- runScenario -->
  <testcase classname="com.emt.runners.TestRunner" name="runScenario" time="0.007">
    <skipped/>
  </testcase> <!-- runScenario -->
  <testcase classname="com.emt.runners.TestRunner" name="runScenario" time="0.015">
    <error message="The step &#039;the user clicks on More tab and selects GiftCard to test &quot;TC2&quot;&#039; and 4 other step(s) are undefined.
You can implement these steps using the snippet(s) below:

@Given(&quot;the user clicks on More tab and selects GiftCard to test {string}&quot;)
public void the_user_clicks_on_more_tab_and_selects_gift_card_to_test(String string) {
    // Write code here that turns the phrase above into concrete actions
    throw new io.cucumber.java.PendingException();
}
@Given(&quot;scroll to festival and clicks festival then selects Diwali GiftCard&quot;)
public void scroll_to_festival_and_clicks_festival_then_selects_diwali_gift_card() {
    // Write code here that turns the phrase above into concrete actions
    throw new io.cucumber.java.PendingException();
}
@Given(&quot;filling the necessary data in the form which is in excel file&quot;)
public void filling_the_necessary_data_in_the_form_which_is_in_excel_file() {
    // Write code here that turns the phrase above into concrete actions
    throw new io.cucumber.java.PendingException();
}
@When(&quot;the user enters Email and MobileNumber then clicks Accept check box&quot;)
public void the_user_enters_email_and_mobile_number_then_clicks_accept_check_box() {
    // Write code here that turns the phrase above into concrete actions
    throw new io.cucumber.java.PendingException();
}
@Then(&quot;it displays error message and captures screenshot&quot;)
public void it_displays_error_message_and_captures_screenshot() {
    // Write code here that turns the phrase above into concrete actions
    throw new io.cucumber.java.PendingException();
}
" type="io.cucumber.testng.UndefinedStepException">
      <![CDATA[io.cucumber.testng.UndefinedStepException: The step 'the user clicks on More tab and selects GiftCard to test "TC2"' and 4 other step(s) are undefined.
You can implement these steps using the snippet(s) below:

@Given("the user clicks on More tab and selects GiftCard to test {string}")
public void the_user_clicks_on_more_tab_and_selects_gift_card_to_test(String string) {
    // Write code here that turns the phrase above into concrete actions
    throw new io.cucumber.java.PendingException();
}
@Given("scroll to festival and clicks festival then selects Diwali GiftCard")
public void scroll_to_festival_and_clicks_festival_then_selects_diwali_gift_card() {
    // Write code here that turns the phrase above into concrete actions
    throw new io.cucumber.java.PendingException();
}
@Given("filling the necessary data in the form which is in excel file")
public void filling_the_necessary_data_in_the_form_which_is_in_excel_file() {
    // Write code here that turns the phrase above into concrete actions
    throw new io.cucumber.java.PendingException();
}
@When("the user enters Email and MobileNumber then clicks Accept check box")
public void the_user_enters_email_and_mobile_number_then_clicks_accept_check_box() {
    // Write code here that turns the phrase above into concrete actions
    throw new io.cucumber.java.PendingException();
}
@Then("it displays error message and captures screenshot")
public void it_displays_error_message_and_captures_screenshot() {
    // Write code here that turns the phrase above into concrete actions
    throw new io.cucumber.java.PendingException();
}

at ✽.the user clicks on More tab and selects GiftCard to test "TC2"(file:///C:/Users/2421255/OneDrive%20-%20Cognizant/Desktop/java%20core/EaseMyTrip_Hackathon/./src/test/resources/features/06_GiftCards.feature:6)
]]>
    </error>
  </testcase> <!-- runScenario -->
  <testcase classname="com.emt.runners.TestRunner" name="runScenario" time="0.015">
    <skipped/>
  </testcase> <!-- runScenario -->
  <testcase classname="com.emt.runners.TestRunner" name="runScenario" time="0.016">
    <error message="The step &#039;the user loads test data for &quot;TC01&quot;&#039; and 6 other step(s) are undefined.
You can implement these steps using the snippet(s) below:

@Given(&quot;the user loads test data for {string}&quot;)
public void the_user_loads_test_data_for(String string) {
    // Write code here that turns the phrase above into concrete actions
    throw new io.cucumber.java.PendingException();
}
@Given(&quot;the user clicks on Airport transfer and selects Type&quot;)
public void the_user_clicks_on_airport_transfer_and_selects_type() {
    // Write code here that turns the phrase above into concrete actions
    throw new io.cucumber.java.PendingException();
}
@Given(&quot;the user enters the source city and selects SourceValue&quot;)
public void the_user_enters_the_source_city_and_selects_source_value() {
    // Write code here that turns the phrase above into concrete actions
    throw new io.cucumber.java.PendingException();
}
@Given(&quot;the user enters the destination city and selects DestinationValue&quot;)
public void the_user_enters_the_destination_city_and_selects_destination_value() {
    // Write code here that turns the phrase above into concrete actions
    throw new io.cucumber.java.PendingException();
}
@Given(&quot;the user selects the date and time&quot;)
public void the_user_selects_the_date_and_time() {
    // Write code here that turns the phrase above into concrete actions
    throw new io.cucumber.java.PendingException();
}
@When(&quot;the user clicks the Search button&quot;)
public void the_user_clicks_the_search_button() {
    // Write code here that turns the phrase above into concrete actions
    throw new io.cucumber.java.PendingException();
}
@Then(&quot;the filtered cab results should be displayed&quot;)
public void the_filtered_cab_results_should_be_displayed() {
    // Write code here that turns the phrase above into concrete actions
    throw new io.cucumber.java.PendingException();
}
" type="io.cucumber.testng.UndefinedStepException">
      <![CDATA[io.cucumber.testng.UndefinedStepException: The step 'the user loads test data for "TC01"' and 6 other step(s) are undefined.
You can implement these steps using the snippet(s) below:

@Given("the user loads test data for {string}")
public void the_user_loads_test_data_for(String string) {
    // Write code here that turns the phrase above into concrete actions
    throw new io.cucumber.java.PendingException();
}
@Given("the user clicks on Airport transfer and selects Type")
public void the_user_clicks_on_airport_transfer_and_selects_type() {
    // Write code here that turns the phrase above into concrete actions
    throw new io.cucumber.java.PendingException();
}
@Given("the user enters the source city and selects SourceValue")
public void the_user_enters_the_source_city_and_selects_source_value() {
    // Write code here that turns the phrase above into concrete actions
    throw new io.cucumber.java.PendingException();
}
@Given("the user enters the destination city and selects DestinationValue")
public void the_user_enters_the_destination_city_and_selects_destination_value() {
    // Write code here that turns the phrase above into concrete actions
    throw new io.cucumber.java.PendingException();
}
@Given("the user selects the date and time")
public void the_user_selects_the_date_and_time() {
    // Write code here that turns the phrase above into concrete actions
    throw new io.cucumber.java.PendingException();
}
@When("the user clicks the Search button")
public void the_user_clicks_the_search_button() {
    // Write code here that turns the phrase above into concrete actions
    throw new io.cucumber.java.PendingException();
}
@Then("the filtered cab results should be displayed")
public void the_filtered_cab_results_should_be_displayed() {
    // Write code here that turns the phrase above into concrete actions
    throw new io.cucumber.java.PendingException();
}

at ✽.the user loads test data for "TC01"(file:///C:/Users/2421255/OneDrive%20-%20Cognizant/Desktop/java%20core/EaseMyTrip_Hackathon/./src/test/resources/features/01_AirportCabs.feature:5)
]]>
    </error>
  </testcase> <!-- runScenario -->
  <testcase classname="com.emt.runners.TestRunner" name="runScenario" time="0.010">
    <error message="The step &#039;the user clicks on More tab and selects GiftCard to test &quot;TC1&quot;&#039; and 4 other step(s) are undefined.
You can implement these steps using the snippet(s) below:

@Given(&quot;the user clicks on More tab and selects GiftCard to test {string}&quot;)
public void the_user_clicks_on_more_tab_and_selects_gift_card_to_test(String string) {
    // Write code here that turns the phrase above into concrete actions
    throw new io.cucumber.java.PendingException();
}
@Given(&quot;scroll to festival and clicks festival then selects Diwali GiftCard&quot;)
public void scroll_to_festival_and_clicks_festival_then_selects_diwali_gift_card() {
    // Write code here that turns the phrase above into concrete actions
    throw new io.cucumber.java.PendingException();
}
@Given(&quot;filling the necessary data in the form which is in excel file&quot;)
public void filling_the_necessary_data_in_the_form_which_is_in_excel_file() {
    // Write code here that turns the phrase above into concrete actions
    throw new io.cucumber.java.PendingException();
}
@When(&quot;the user enters Email and MobileNumber then clicks Accept check box&quot;)
public void the_user_enters_email_and_mobile_number_then_clicks_accept_check_box() {
    // Write code here that turns the phrase above into concrete actions
    throw new io.cucumber.java.PendingException();
}
@Then(&quot;it displays error message and captures screenshot&quot;)
public void it_displays_error_message_and_captures_screenshot() {
    // Write code here that turns the phrase above into concrete actions
    throw new io.cucumber.java.PendingException();
}
" type="io.cucumber.testng.UndefinedStepException">
      <![CDATA[io.cucumber.testng.UndefinedStepException: The step 'the user clicks on More tab and selects GiftCard to test "TC1"' and 4 other step(s) are undefined.
You can implement these steps using the snippet(s) below:

@Given("the user clicks on More tab and selects GiftCard to test {string}")
public void the_user_clicks_on_more_tab_and_selects_gift_card_to_test(String string) {
    // Write code here that turns the phrase above into concrete actions
    throw new io.cucumber.java.PendingException();
}
@Given("scroll to festival and clicks festival then selects Diwali GiftCard")
public void scroll_to_festival_and_clicks_festival_then_selects_diwali_gift_card() {
    // Write code here that turns the phrase above into concrete actions
    throw new io.cucumber.java.PendingException();
}
@Given("filling the necessary data in the form which is in excel file")
public void filling_the_necessary_data_in_the_form_which_is_in_excel_file() {
    // Write code here that turns the phrase above into concrete actions
    throw new io.cucumber.java.PendingException();
}
@When("the user enters Email and MobileNumber then clicks Accept check box")
public void the_user_enters_email_and_mobile_number_then_clicks_accept_check_box() {
    // Write code here that turns the phrase above into concrete actions
    throw new io.cucumber.java.PendingException();
}
@Then("it displays error message and captures screenshot")
public void it_displays_error_message_and_captures_screenshot() {
    // Write code here that turns the phrase above into concrete actions
    throw new io.cucumber.java.PendingException();
}

at ✽.the user clicks on More tab and selects GiftCard to test "TC1"(file:///C:/Users/2421255/OneDrive%20-%20Cognizant/Desktop/java%20core/EaseMyTrip_Hackathon/./src/test/resources/features/06_GiftCards.feature:6)
]]>
    </error>
  </testcase> <!-- runScenario -->
  <testcase classname="com.emt.runners.TestRunner" name="runScenario" time="0.020">
    <skipped/>
  </testcase> <!-- runScenario -->
  <testcase classname="com.emt.runners.TestRunner" name="runScenario" time="0.013">
    <skipped/>
  </testcase> <!-- runScenario -->
  <testcase classname="com.emt.runners.TestRunner" name="runScenario" time="0.026">
    <error message="The step &#039;the user loads test data for &quot;TC02&quot;&#039; and 6 other step(s) are undefined.
You can implement these steps using the snippet(s) below:

@Given(&quot;the user loads test data for {string}&quot;)
public void the_user_loads_test_data_for(String string) {
    // Write code here that turns the phrase above into concrete actions
    throw new io.cucumber.java.PendingException();
}
@Given(&quot;the user clicks on Airport transfer and selects Type&quot;)
public void the_user_clicks_on_airport_transfer_and_selects_type() {
    // Write code here that turns the phrase above into concrete actions
    throw new io.cucumber.java.PendingException();
}
@Given(&quot;the user enters the source city and selects SourceValue&quot;)
public void the_user_enters_the_source_city_and_selects_source_value() {
    // Write code here that turns the phrase above into concrete actions
    throw new io.cucumber.java.PendingException();
}
@Given(&quot;the user enters the destination city and selects DestinationValue&quot;)
public void the_user_enters_the_destination_city_and_selects_destination_value() {
    // Write code here that turns the phrase above into concrete actions
    throw new io.cucumber.java.PendingException();
}
@Given(&quot;the user selects the date and time&quot;)
public void the_user_selects_the_date_and_time() {
    // Write code here that turns the phrase above into concrete actions
    throw new io.cucumber.java.PendingException();
}
@When(&quot;the user clicks the Search button&quot;)
public void the_user_clicks_the_search_button() {
    // Write code here that turns the phrase above into concrete actions
    throw new io.cucumber.java.PendingException();
}
@Then(&quot;the filtered cab results should be displayed&quot;)
public void the_filtered_cab_results_should_be_displayed() {
    // Write code here that turns the phrase above into concrete actions
    throw new io.cucumber.java.PendingException();
}
" type="io.cucumber.testng.UndefinedStepException">
      <![CDATA[io.cucumber.testng.UndefinedStepException: The step 'the user loads test data for "TC02"' and 6 other step(s) are undefined.
You can implement these steps using the snippet(s) below:

@Given("the user loads test data for {string}")
public void the_user_loads_test_data_for(String string) {
    // Write code here that turns the phrase above into concrete actions
    throw new io.cucumber.java.PendingException();
}
@Given("the user clicks on Airport transfer and selects Type")
public void the_user_clicks_on_airport_transfer_and_selects_type() {
    // Write code here that turns the phrase above into concrete actions
    throw new io.cucumber.java.PendingException();
}
@Given("the user enters the source city and selects SourceValue")
public void the_user_enters_the_source_city_and_selects_source_value() {
    // Write code here that turns the phrase above into concrete actions
    throw new io.cucumber.java.PendingException();
}
@Given("the user enters the destination city and selects DestinationValue")
public void the_user_enters_the_destination_city_and_selects_destination_value() {
    // Write code here that turns the phrase above into concrete actions
    throw new io.cucumber.java.PendingException();
}
@Given("the user selects the date and time")
public void the_user_selects_the_date_and_time() {
    // Write code here that turns the phrase above into concrete actions
    throw new io.cucumber.java.PendingException();
}
@When("the user clicks the Search button")
public void the_user_clicks_the_search_button() {
    // Write code here that turns the phrase above into concrete actions
    throw new io.cucumber.java.PendingException();
}
@Then("the filtered cab results should be displayed")
public void the_filtered_cab_results_should_be_displayed() {
    // Write code here that turns the phrase above into concrete actions
    throw new io.cucumber.java.PendingException();
}

at ✽.the user loads test data for "TC02"(file:///C:/Users/2421255/OneDrive%20-%20Cognizant/Desktop/java%20core/EaseMyTrip_Hackathon/./src/test/resources/features/01_AirportCabs.feature:5)
]]>
    </error>
  </testcase> <!-- runScenario -->
</testsuite> <!-- com.emt.runners.TestRunner -->
